<?xml version="1.0" encoding="UTF-8"?>
<testng-results skipped="0" failed="0" ignored="0" total="1" passed="1">
  <reporter-output>
  </reporter-output>
  <suite name="MSuite" duration-ms="10245" started-at="2018-09-26T17:02:06Z" finished-at="2018-09-26T17:02:16Z">
    <groups>
    </groups>
    <test name="MavenDemoTest" duration-ms="10245" started-at="2018-09-26T17:02:06Z" finished-at="2018-09-26T17:02:16Z">
      <class name="com.sampledemo.tests.MyFirstDemotest">
        <test-method status="PASS" signature="Initialise()[pri:0, instance:com.sampledemo.tests.MyFirstDemotest@28feb3fa]" name="Initialise" is-config="true" duration-ms="6067" started-at="2018-09-26T10:02:06Z" finished-at="2018-09-26T10:02:12Z">
          <reporter-output>
          </reporter-output>
        </test-method> <!-- Initialise -->
        <test-method status="PASS" signature="openBrowserurl()[pri:0, instance:com.sampledemo.tests.MyFirstDemotest@28feb3fa]" name="openBrowserurl" duration-ms="3424" started-at="2018-09-26T10:02:12Z" finished-at="2018-09-26T10:02:15Z">
          <reporter-output>
          </reporter-output>
        </test-method> <!-- openBrowserurl -->
        <test-method status="PASS" signature="CloseBrowser()[pri:0, instance:com.sampledemo.tests.MyFirstDemotest@28feb3fa]" name="CloseBrowser" is-config="true" duration-ms="721" started-at="2018-09-26T10:02:15Z" finished-at="2018-09-26T10:02:16Z">
          <reporter-output>
          </reporter-output>
        </test-method> <!-- CloseBrowser -->
      </class> <!-- com.sampledemo.tests.MyFirstDemotest -->
    </test> <!-- MavenDemoTest -->
  </suite> <!-- MSuite -->
</testng-results>
